2025-09-13 13:09:34,709 - FRA_AI_System - INFO - ================================================================================
2025-09-13 13:09:34,709 - FRA_AI_System - INFO - FRA AI COMPLETE SYSTEM INITIALIZED
2025-09-13 13:09:34,709 - FRA_AI_System - INFO - ================================================================================
2025-09-13 13:09:34,709 - FRA_AI_System - INFO - Starting complete system setup...
2025-09-13 13:09:34,709 - FRA_AI_System - INFO - Starting dependency installation...
2025-09-13 13:09:34,709 - FRA_AI_System - INFO - Installing system dependencies...
2025-09-13 13:09:34,709 - FRA_AI_System - INFO - Installing torch>=2.0.0...
2025-09-13 13:09:54,410 - FRA_AI_System - INFO - Successfully installed torch>=2.0.0
2025-09-13 13:09:54,411 - FRA_AI_System - INFO - Installing torchvision>=0.15.0...
2025-09-13 13:10:08,035 - FRA_AI_System - INFO - Successfully installed torchvision>=0.15.0
2025-09-13 13:10:08,036 - FRA_AI_System - INFO - Installing transformers>=4.35.0...
2025-09-13 13:10:27,507 - FRA_AI_System - INFO - Successfully installed transformers>=4.35.0
2025-09-13 13:10:27,508 - FRA_AI_System - INFO - Installing accelerate>=0.24.0...
2025-09-13 13:10:29,885 - FRA_AI_System - INFO - Successfully installed accelerate>=0.24.0
2025-09-13 13:10:29,885 - FRA_AI_System - INFO - Installing fastapi>=0.104.0...
2025-09-13 13:10:56,600 - FRA_AI_System - INFO - Successfully installed fastapi>=0.104.0
2025-09-13 13:10:56,600 - FRA_AI_System - INFO - Installing uvicorn[standard]>=0.24.0...
2025-09-13 13:11:03,920 - FRA_AI_System - INFO - Successfully installed uvicorn[standard]>=0.24.0
2025-09-13 13:11:03,921 - FRA_AI_System - INFO - Installing pandas>=2.0.0...
2025-09-13 13:11:12,761 - FRA_AI_System - INFO - Successfully installed pandas>=2.0.0
2025-09-13 13:11:12,762 - FRA_AI_System - INFO - Installing numpy>=1.24.0...
2025-09-13 13:11:13,176 - FRA_AI_System - INFO - Successfully installed numpy>=1.24.0
2025-09-13 13:11:13,176 - FRA_AI_System - INFO - Installing requests>=2.31.0...
2025-09-13 13:11:13,544 - FRA_AI_System - INFO - Successfully installed requests>=2.31.0
2025-09-13 13:11:13,545 - FRA_AI_System - INFO - Installing huggingface_hub>=0.16.0...
2025-09-13 13:11:13,890 - FRA_AI_System - INFO - Successfully installed huggingface_hub>=0.16.0
2025-09-13 13:11:13,890 - FRA_AI_System - INFO - Installing datasets>=2.12.0...
2025-09-13 13:11:23,167 - FRA_AI_System - INFO - Successfully installed datasets>=2.12.0
2025-09-13 13:11:23,168 - FRA_AI_System - INFO - Installing peft>=0.5.0...
2025-09-13 13:11:30,298 - FRA_AI_System - INFO - Successfully installed peft>=0.5.0
2025-09-13 13:11:30,298 - FRA_AI_System - INFO - Installing bitsandbytes>=0.41.0...
2025-09-13 13:12:07,808 - FRA_AI_System - INFO - System interrupted by user
